<?xml version="1.0" encoding="UTF-8"?>
<testsuite name="LoginTests"
           tests="3"
           failures="0"
           errors="0"
           skipped="0"
           time="0.129">
  <properties />
  
  
            <testcase name="verifyUserShouldLoginSuccessFully" time="0.046" classname="com.orangehrmlive.demo.testsuite.LoginTest" />
                <testcase name="VerifyThatTheLogoDisplayOnHomePage" time="0.083" classname="com.orangehrmlive.demo.testsuite.LoginTest" />
                <testcase name="VerifyUserShouldLogOutSuccessFully" time="0.000" classname="com.orangehrmlive.demo.testsuite.LoginTest" />
      
</testsuite>
