<?xml version="1.0" encoding="UTF-8"?>
<testsuite name="LoginTests"
           tests="4"
           failures="0"
           errors="0"
           skipped="0"
           time="7.053">
  <properties />
  
  
            <testcase name="verifyThatAdminShouldDeleteTheUserSuccessFully" time="1.728" classname="com.orangehrmlive.demo.testsuite.UsersTest" />
                <testcase name="adminShouldAddUserSuccessfully" time="2.091" classname="com.orangehrmlive.demo.testsuite.UsersTest" />
                <testcase name="searchTheUserCreatedAndVerifyIt" time="1.514" classname="com.orangehrmlive.demo.testsuite.UsersTest" />
                <testcase name="searchTheDeletedUserAndVerifyTheMessageNoRecordFound" time="1.720" classname="com.orangehrmlive.demo.testsuite.UsersTest" />
      
</testsuite>
